<?xml version="1.0" encoding="utf-8"?>
<!DOCTYPE coverage SYSTEM "http://cobertura.sourceforge.net/xml/coverage-04.dtd">
<coverage line-rate="0.8057692307692308" branch-rate="0.7256756756756757" lines-covered="2095" lines-valid="2600" branches-covered="537" branches-valid="740" complexity="875" version="0" timestamp="1697136893">
  <sources />
  <packages>
    <package name="SQLite.Tests" line-rate="0.8057692307692308" branch-rate="0.7256756756756757" complexity="875">
      <classes>
        <class name="AutoGeneratedProgram" filename="/Users/runner/.nuget/packages/microsoft.net.test.sdk/17.7.2/build/netcoreapp3.1/Microsoft.NET.Test.Sdk.Program.cs" line-rate="0" branch-rate="1" complexity="1">
          <methods>
            <method name="Main" signature="(System.String[])" line-rate="0" branch-rate="1" complexity="1">
              <lines>
                <line number="4" hits="0" branch="false" />
              </lines>
            </method>
          </methods>
          <lines>
            <line number="4" hits="0" branch="false" />
          </lines>
        </class>
        <class name="SQLite.AsyncTableQuery`1" filename="/Users/runner/work/sqlite-net/sqlite-net/src/SQLiteAsync.cs" line-rate="0.5675675675675675" branch-rate="1" complexity="21">
          <methods>
            <method name=".ctor" signature="(SQLite.TableQuery`1&lt;T&gt;)" line-rate="1" branch-rate="1" complexity="1">
              <lines>
                <line number="1281" hits="1049" branch="false" />
                <line number="1282" hits="1049" branch="false" />
                <line number="1283" hits="1049" branch="false" />
                <line number="1284" hits="1049" branch="false" />
              </lines>
            </method>
            <method name="ReadAsync" signature="(System.Func`2&lt;SQLite.SQLiteConnectionWithLock,U&gt;)" line-rate="1" branch-rate="1" complexity="1">
              <lines>
                <line number="1287" hits="532" branch="false" />
                <line number="1288" hits="1064" branch="false" />
                <line number="1289" hits="1064" branch="false" />
                <line number="1290" hits="1596" branch="false" />
                <line number="1291" hits="1064" branch="false" />
                <line number="1292" hits="532" branch="false" />
                <line number="1293" hits="1062" branch="false" />
                <line number="1294" hits="532" branch="false" />
              </lines>
            </method>
            <method name="WriteAsync" signature="(System.Func`2&lt;SQLite.SQLiteConnectionWithLock,U&gt;)" line-rate="0" branch-rate="1" complexity="1">
              <lines>
                <line number="1297" hits="0" branch="false" />
                <line number="1298" hits="0" branch="false" />
                <line number="1299" hits="0" branch="false" />
                <line number="1300" hits="0" branch="false" />
                <line number="1301" hits="0" branch="false" />
                <line number="1302" hits="0" branch="false" />
                <line number="1303" hits="0" branch="false" />
                <line number="1304" hits="0" branch="false" />
              </lines>
            </method>
            <method name="Where" signature="(System.Linq.Expressions.Expression`1&lt;System.Func`2&lt;T,System.Boolean&gt;&gt;)" line-rate="1" branch-rate="1" complexity="1">
              <lines>
                <line number="1310" hits="513" branch="false" />
                <line number="1311" hits="513" branch="false" />
                <line number="1312" hits="513" branch="false" />
              </lines>
            </method>
            <method name="Skip" signature="(System.Int32)" line-rate="1" branch-rate="1" complexity="1">
              <lines>
                <line number="1318" hits="1" branch="false" />
                <line number="1319" hits="1" branch="false" />
                <line number="1320" hits="1" branch="false" />
              </lines>
            </method>
            <method name="Take" signature="(System.Int32)" line-rate="1" branch-rate="1" complexity="1">
              <lines>
                <line number="1326" hits="1" branch="false" />
                <line number="1327" hits="1" branch="false" />
                <line number="1328" hits="1" branch="false" />
              </lines>
            </method>
            <method name="OrderBy" signature="(System.Linq.Expressions.Expression`1&lt;System.Func`2&lt;T,U&gt;&gt;)" line-rate="1" branch-rate="1" complexity="1">
              <lines>
                <line number="1334" hits="4" branch="false" />
                <line number="1335" hits="4" branch="false" />
                <line number="1336" hits="4" branch="false" />
              </lines>
            </method>
            <method name="OrderByDescending" signature="(System.Linq.Expressions.Expression`1&lt;System.Func`2&lt;T,U&gt;&gt;)" line-rate="1" branch-rate="1" complexity="1">
              <lines>
                <line number="1342" hits="1" branch="false" />
                <line number="1343" hits="1" branch="false" />
                <line number="1344" hits="1" branch="false" />
              </lines>
            </method>
            <method name="ThenBy" signature="(System.Linq.Expressions.Expression`1&lt;System.Func`2&lt;T,U&gt;&gt;)" line-rate="0" branch-rate="1" complexity="1">
              <lines>
                <line number="1350" hits="0" branch="false" />
                <line number="1351" hits="0" branch="false" />
                <line number="1352" hits="0" branch="false" />
              </lines>
            </method>
            <method name="ThenByDescending" signature="(System.Linq.Expressions.Expression`1&lt;System.Func`2&lt;T,U&gt;&gt;)" line-rate="0" branch-rate="1" complexity="1">
              <lines>
                <line number="1358" hits="0" branch="false" />
                <line number="1359" hits="0" branch="false" />
                <line number="1360" hits="0" branch="false" />
              </lines>
            </method>
            <method name="ToListAsync" signature="()" line-rate="1" branch-rate="1" complexity="1">
              <lines>
                <line number="1366" hits="518" branch="false" />
                <line number="1367" hits="1036" branch="false" />
                <line number="1368" hits="518" branch="false" />
              </lines>
            </method>
            <method name="ToArrayAsync" signature="()" line-rate="0" branch-rate="1" complexity="1">
              <lines>
                <line number="1374" hits="0" branch="false" />
                <line number="1375" hits="0" branch="false" />
                <line number="1376" hits="0" branch="false" />
              </lines>
            </method>
            <method name="CountAsync" signature="()" line-rate="1" branch-rate="1" complexity="1">
              <lines>
                <line number="1382" hits="9" branch="false" />
                <line number="1383" hits="18" branch="false" />
                <line number="1384" hits="9" branch="false" />
              </lines>
            </method>
            <method name="CountAsync" signature="(System.Linq.Expressions.Expression`1&lt;System.Func`2&lt;T,System.Boolean&gt;&gt;)" line-rate="0" branch-rate="1" complexity="1">
              <lines>
                <line number="1390" hits="0" branch="false" />
                <line number="1391" hits="0" branch="false" />
                <line number="1392" hits="0" branch="false" />
              </lines>
            </method>
            <method name="ElementAtAsync" signature="(System.Int32)" line-rate="1" branch-rate="1" complexity="1">
              <lines>
                <line number="1398" hits="1" branch="false" />
                <line number="1399" hits="2" branch="false" />
                <line number="1400" hits="1" branch="false" />
              </lines>
            </method>
            <method name="FirstAsync" signature="()" line-rate="1" branch-rate="1" complexity="1">
              <lines>
                <line number="1406" hits="2" branch="false" />
                <line number="1407" hits="4" branch="false" />
                <line number="1408" hits="2" branch="false" />
              </lines>
            </method>
            <method name="FirstOrDefaultAsync" signature="()" line-rate="1" branch-rate="1" complexity="1">
              <lines>
                <line number="1414" hits="2" branch="false" />
                <line number="1415" hits="4" branch="false" />
                <line number="1416" hits="2" branch="false" />
              </lines>
            </method>
            <method name="FirstAsync" signature="(System.Linq.Expressions.Expression`1&lt;System.Func`2&lt;T,System.Boolean&gt;&gt;)" line-rate="0" branch-rate="1" complexity="1">
              <lines>
                <line number="1422" hits="0" branch="false" />
                <line number="1423" hits="0" branch="false" />
                <line number="1424" hits="0" branch="false" />
              </lines>
            </method>
            <method name="FirstOrDefaultAsync" signature="(System.Linq.Expressions.Expression`1&lt;System.Func`2&lt;T,System.Boolean&gt;&gt;)" line-rate="0" branch-rate="1" complexity="1">
              <lines>
                <line number="1430" hits="0" branch="false" />
                <line number="1431" hits="0" branch="false" />
                <line number="1432" hits="0" branch="false" />
              </lines>
            </method>
            <method name="DeleteAsync" signature="(System.Linq.Expressions.Expression`1&lt;System.Func`2&lt;T,System.Boolean&gt;&gt;)" line-rate="0" branch-rate="1" complexity="1">
              <lines>
                <line number="1438" hits="0" branch="false" />
                <line number="1439" hits="0" branch="false" />
                <line number="1440" hits="0" branch="false" />
              </lines>
            </method>
            <method name="DeleteAsync" signature="()" line-rate="0" branch-rate="1" complexity="1">
              <lines>
                <line number="1446" hits="0" branch="false" />
                <line number="1447" hits="0" branch="false" />
                <line number="1448" hits="0" branch="false" />
              </lines>
            </method>
          </methods>
          <lines>
            <line number="1281" hits="1049" branch="false" />
            <line number="1282" hits="1049" branch="false" />
            <line number="1283" hits="1049" branch="false" />
            <line number="1284" hits="1049" branch="false" />
            <line number="1287" hits="532" branch="false" />
            <line number="1288" hits="1064" branch="false" />
            <line number="1289" hits="1064" branch="false" />
            <line number="1290" hits="1596" branch="false" />
            <line number="1291" hits="1064" branch="false" />
            <line number="1292" hits="532" branch="false" />
            <line number="1293" hits="1062" branch="false" />
            <line number="1294" hits="532" branch="false" />
            <line number="1297" hits="0" branch="false" />
            <line number="1298" hits="0" branch="false" />
            <line number="1299" hits="0" branch="false" />
            <line number="1300" hits="0" branch="false" />
            <line number="1301" hits="0" branch="false" />
            <line number="1302" hits="0" branch="false" />
            <line number="1303" hits="0" branch="false" />
            <line number="1304" hits="0" branch="false" />
            <line number="1310" hits="513" branch="false" />
            <line number="1311" hits="513" branch="false" />
            <line number="1312" hits="513" branch="false" />
            <line number="1318" hits="1" branch="false" />
            <line number="1319" hits="1" branch="false" />
            <line number="1320" hits="1" branch="false" />
            <line number="1326" hits="1" branch="false" />
            <line number="1327" hits="1" branch="false" />
            <line number="1328" hits="1" branch="false" />
            <line number="1334" hits="4" branch="false" />
            <line number="1335" hits="4" branch="false" />
            <line number="1336" hits="4" branch="false" />
            <line number="1342" hits="1" branch="false" />
            <line number="1343" hits="1" branch="false" />
            <line number="1344" hits="1" branch="false" />
            <line number="1350" hits="0" branch="false" />
            <line number="1351" hits="0" branch="false" />
            <line number="1352" hits="0" branch="false" />
            <line number="1358" hits="0" branch="false" />
            <line number="1359" hits="0" branch="false" />
            <line number="1360" hits="0" branch="false" />
            <line number="1366" hits="518" branch="false" />
            <line number="1367" hits="1036" branch="false" />
            <line number="1368" hits="518" branch="false" />
            <line number="1374" hits="0" branch="false" />
            <line number="1375" hits="0" branch="false" />
            <line number="1376" hits="0" branch="false" />
            <line number="1382" hits="9" branch="false" />
            <line number="1383" hits="18" branch="false" />
            <line number="1384" hits="9" branch="false" />
            <line number="1390" hits="0" branch="false" />
            <line number="1391" hits="0" branch="false" />
            <line number="1392" hits="0" branch="false" />
            <line number="1398" hits="1" branch="false" />
            <line number="1399" hits="2" branch="false" />
            <line number="1400" hits="1" branch="false" />
            <line number="1406" hits="2" branch="false" />
            <line number="1407" hits="4" branch="false" />
            <line number="1408" hits="2" branch="false" />
            <line number="1414" hits="2" branch="false" />
            <line number="1415" hits="4" branch="false" />
            <line number="1416" hits="2" branch="false" />
            <line number="1422" hits="0" branch="false" />
            <line number="1423" hits="0" branch="false" />
            <line number="1424" hits="0" branch="false" />
            <line number="1430" hits="0" branch="false" />
            <line number="1431" hits="0" branch="false" />
            <line number="1432" hits="0" branch="false" />
            <line number="1438" hits="0" branch="false" />
            <line number="1439" hits="0" branch="false" />
            <line number="1440" hits="0" branch="false" />
            <line number="1446" hits="0" branch="false" />
            <line number="1447" hits="0" branch="false" />
            <line number="1448" hits="0" branch="false" />
          </lines>
        </class>
        <class name="SQLite.CollationAttribute" filename="/Users/runner/work/sqlite-net/sqlite-net/src/SQLite.cs" line-rate="1" branch-rate="1" complexity="1">
          <methods>
            <method name=".ctor" signature="(System.String)" line-rate="1" branch-rate="1" complexity="1">
              <lines>
                <line number="2509" hits="1" branch="false" />
                <line number="2510" hits="1" branch="false" />
                <line number="2511" hits="1" branch="false" />
                <line number="2512" hits="1" branch="false" />
              </lines>
            </method>
          </methods>
          <lines>
            <line number="2509" hits="1" branch="false" />
            <line number="2510" hits="1" branch="false" />
            <line number="2511" hits="1" branch="false" />
            <line number="2512" hits="1" branch="false" />
          </lines>
        </class>
        <class name="SQLite.ColumnAttribute" filename="/Users/runner/work/sqlite-net/sqlite-net/src/SQLite.cs" line-rate="1" branch-rate="1" complexity="1">
          <methods>
            <method name=".ctor" signature="(System.String)" line-rate="1" branch-rate="1" complexity="1">
              <lines>
                <line number="2434" hits="1" branch="false" />
                <line number="2435" hits="1" branch="false" />
                <line number="2436" hits="1" branch="false" />
                <line number="2437" hits="1" branch="false" />
              </lines>
            </method>
          </methods>
          <lines>
            <line number="2434" hits="1" branch="false" />
            <line number="2435" hits="1" branch="false" />
            <line number="2436" hits="1" branch="false" />
            <line number="2437" hits="1" branch="false" />
          </lines>
        </class>
        <class name="SQLite.CreateTablesResult" filename="/Users/runner/work/sqlite-net/sqlite-net/src/SQLite.cs" line-rate="1" branch-rate="1" complexity="1">
          <methods>
            <method name=".ctor" signature="()" line-rate="1" branch-rate="1" complexity="1">
              <lines>
                <line number="3801" hits="5" branch="false" />
                <line number="3802" hits="5" branch="false" />
                <line number="3803" hits="5" branch="false" />
                <line number="3804" hits="5" branch="false" />
              </lines>
            </method>
          </methods>
          <lines>
            <line number="3801" hits="5" branch="false" />
            <line number="3802" hits="5" branch="false" />
            <line number="3803" hits="5" branch="false" />
            <line number="3804" hits="5" branch="false" />
          </lines>
        </class>
        <class name="SQLite.EnumCache" filename="/Users/runner/work/sqlite-net/sqlite-net/src/SQLite.cs" line-rate="1" branch-rate="1" complexity="5">
          <methods>
            <method name="GetInfo" signature="()" line-rate="1" branch-rate="1" complexity="1">
              <lines>
                <line number="2830" hits="6" branch="false" />
                <line number="2831" hits="6" branch="false" />
                <line number="2832" hits="6" branch="false" />
              </lines>
            </method>
            <method name="GetInfo" signature="(System.Type)" line-rate="1" branch-rate="1" complexity="3">
              <lines>
                <line number="2835" hits="36" branch="false" />
                <line number="2836" hits="72" branch="false" />
                <line number="2837" hits="36" branch="false" />
                <line number="2838" hits="57" branch="true" condition-coverage="100% (2/2)" />
                <line number="2839" hits="21" branch="false" />
                <line number="2840" hits="21" branch="false" />
                <line number="2841" hits="21" branch="false" />
                <line number="2843" hits="36" branch="false" />
                <line number="2845" hits="36" branch="false" />
              </lines>
            </method>
            <method name=".cctor" signature="()" line-rate="1" branch-rate="1" complexity="1">
              <lines>
                <line number="2827" hits="1" branch="false" />
              </lines>
            </method>
          </methods>
          <lines>
            <line number="2827" hits="1" branch="false" />
            <line number="2830" hits="6" branch="false" />
            <line number="2831" hits="6" branch="false" />
            <line number="2832" hits="6" branch="false" />
            <line number="2835" hits="36" branch="false" />
            <line number="2836" hits="72" branch="false" />
            <line number="2837" hits="36" branch="false" />
            <line number="2838" hits="57" branch="true" condition-coverage="100% (2/2)" />
            <line number="2839" hits="21" branch="false" />
            <line number="2840" hits="21" branch="false" />
            <line number="2841" hits="21" branch="false" />
            <line number="2843" hits="36" branch="false" />
            <line number="2845" hits="36" branch="false" />
          </lines>
        </class>
        <class name="SQLite.EnumCacheInfo" filename="/Users/runner/work/sqlite-net/sqlite-net/src/SQLite.cs" line-rate="1" branch-rate="1" complexity="6">
          <methods>
            <method name=".ctor" signature="(System.Type)" line-rate="1" branch-rate="1" complexity="6">
              <lines>
                <line number="2800" hits="21" branch="false" />
                <line number="2801" hits="21" branch="false" />
                <line number="2802" hits="21" branch="false" />
                <line number="2804" hits="21" branch="false" />
                <line number="2806" hits="34" branch="true" condition-coverage="100% (2/2)" />
                <line number="2807" hits="17" branch="false" />
                <line number="2809" hits="17" branch="true" condition-coverage="100% (2/2)" />
                <line number="2810" hits="4" branch="false" />
                <line number="2811" hits="48" branch="true" condition-coverage="100% (2/2)" />
                <line number="2812" hits="12" branch="false" />
                <line number="2813" hits="12" branch="false" />
                <line number="2814" hits="4" branch="false" />
                <line number="2815" hits="13" branch="false" />
                <line number="2816" hits="21" branch="false" />
              </lines>
            </method>
          </methods>
          <lines>
            <line number="2800" hits="21" branch="false" />
            <line number="2801" hits="21" branch="false" />
            <line number="2802" hits="21" branch="false" />
            <line number="2804" hits="21" branch="false" />
            <line number="2806" hits="34" branch="true" condition-coverage="100% (2/2)" />
            <line number="2807" hits="17" branch="false" />
            <line number="2809" hits="17" branch="true" condition-coverage="100% (2/2)" />
            <line number="2810" hits="4" branch="false" />
            <line number="2811" hits="48" branch="true" condition-coverage="100% (2/2)" />
            <line number="2812" hits="12" branch="false" />
            <line number="2813" hits="12" branch="false" />
            <line number="2814" hits="4" branch="false" />
            <line number="2815" hits="13" branch="false" />
            <line number="2816" hits="21" branch="false" />
          </lines>
        </class>
        <class name="SQLite.FastColumnSetter" filename="/Users/runner/work/sqlite-net/sqlite-net/src/SQLite.cs" line-rate="0.8165680473372781" branch-rate="0.85" complexity="52">
          <methods>
            <method name="GetFastSetter" signature="(SQLite.SQLiteConnection,SQLite.TableMapping/Column)" line-rate="0.7816901408450704" branch-rate="0.8269230769230769" complexity="47">
              <lines>
                <line number="3500" hits="4874" branch="false" />
                <line number="3501" hits="4874" branch="false" />
                <line number="3503" hits="4874" branch="false" />
                <line number="3505" hits="4874" branch="false" />
                <line number="3506" hits="4885" branch="true" condition-coverage="100% (2/2)" />
                <line number="3507" hits="11" branch="false" />
                <line number="3508" hits="11" branch="false" />
                <line number="3509" hits="11" branch="false" />
                <line number="3511" hits="8489" branch="true" condition-coverage="100% (2/2)" />
                <line number="3512" hits="15027" branch="false" />
                <line number="3513" hits="15027" branch="false" />
                <line number="3514" hits="15027" branch="false" />
                <line number="3515" hits="3615" branch="false" />
                <line number="3516" hits="2363" branch="true" condition-coverage="100% (2/2)" />
                <line number="3517" hits="12654" branch="false" />
                <line number="3518" hits="12654" branch="false" />
                <line number="3519" hits="12654" branch="false" />
                <line number="3520" hits="1104" branch="false" />
                <line number="3521" hits="159" branch="true" condition-coverage="100% (2/2)" />
                <line number="3522" hits="20" branch="false" />
                <line number="3523" hits="20" branch="false" />
                <line number="3524" hits="20" branch="false" />
                <line number="3525" hits="4" branch="false" />
                <line number="3526" hits="152" branch="true" condition-coverage="100% (2/2)" />
                <line number="3527" hits="2" branch="false" />
                <line number="3528" hits="2" branch="false" />
                <line number="3529" hits="2" branch="false" />
                <line number="3530" hits="1" branch="false" />
                <line number="3531" hits="151" branch="true" condition-coverage="100% (2/2)" />
                <line number="3532" hits="4" branch="false" />
                <line number="3533" hits="4" branch="false" />
                <line number="3534" hits="4" branch="false" />
                <line number="3535" hits="1" branch="false" />
                <line number="3536" hits="153" branch="true" condition-coverage="100% (2/2)" />
                <line number="3537" hits="6" branch="true" condition-coverage="100% (2/2)" />
                <line number="3538" hits="4" branch="false" />
                <line number="3539" hits="4" branch="false" />
                <line number="3540" hits="4" branch="false" />
                <line number="3541" hits="2" branch="false" />
                <line number="3542" hits="2" branch="false" />
                <line number="3543" hits="4" branch="false" />
                <line number="3544" hits="4" branch="false" />
                <line number="3545" hits="2" branch="false" />
                <line number="3546" hits="4" branch="true" condition-coverage="50% (1/2)" />
                <line number="3547" hits="2" branch="false" />
                <line number="3548" hits="2" branch="false" />
                <line number="3549" hits="4" branch="false" />
                <line number="3550" hits="4" branch="false" />
                <line number="3551" hits="2" branch="false" />
                <line number="3552" hits="4" branch="false" />
                <line number="3553" hits="160" branch="true" condition-coverage="100% (2/2)" />
                <line number="3554" hits="22" branch="true" condition-coverage="100% (2/2)" />
                <line number="3555" hits="15" branch="false" />
                <line number="3556" hits="15" branch="false" />
                <line number="3557" hits="15" branch="false" />
                <line number="3558" hits="7" branch="false" />
                <line number="3559" hits="8" branch="false" />
                <line number="3560" hits="17" branch="false" />
                <line number="3561" hits="17" branch="false" />
                <line number="3562" hits="8" branch="false" />
                <line number="3563" hits="17" branch="true" condition-coverage="50% (1/2)" />
                <line number="3564" hits="8" branch="false" />
                <line number="3565" hits="8" branch="false" />
                <line number="3566" hits="17" branch="false" />
                <line number="3567" hits="17" branch="false" />
                <line number="3568" hits="8" branch="false" />
                <line number="3569" hits="15" branch="false" />
                <line number="3570" hits="132" branch="true" condition-coverage="100% (2/2)" />
                <line number="3571" hits="4" branch="false" />
                <line number="3572" hits="4" branch="false" />
                <line number="3573" hits="4" branch="false" />
                <line number="3574" hits="2" branch="false" />
                <line number="3575" hits="139" branch="true" condition-coverage="100% (2/2)" />
                <line number="3577" hits="11" branch="false" />
                <line number="3578" hits="117" branch="true" condition-coverage="50% (1/2)" />
                <line number="3579" hits="0" branch="false" />
                <line number="3580" hits="0" branch="false" />
                <line number="3581" hits="0" branch="false" />
                <line number="3582" hits="0" branch="false" />
                <line number="3583" hits="156" branch="true" condition-coverage="100% (2/2)" />
                <line number="3584" hits="316" branch="false" />
                <line number="3585" hits="316" branch="false" />
                <line number="3586" hits="316" branch="false" />
                <line number="3587" hits="39" branch="false" />
                <line number="3588" hits="122" branch="true" condition-coverage="100% (2/2)" />
                <line number="3589" hits="326" branch="false" />
                <line number="3590" hits="326" branch="false" />
                <line number="3591" hits="326" branch="false" />
                <line number="3592" hits="44" branch="false" />
                <line number="3593" hits="35" branch="true" condition-coverage="100% (2/2)" />
                <line number="3594" hits="11" branch="false" />
                <line number="3595" hits="11" branch="false" />
                <line number="3596" hits="11" branch="false" />
                <line number="3597" hits="1" branch="false" />
                <line number="3598" hits="33" branch="true" condition-coverage="50% (1/2)" />
                <line number="3599" hits="0" branch="false" />
                <line number="3600" hits="0" branch="false" />
                <line number="3601" hits="0" branch="false" />
                <line number="3602" hits="0" branch="false" />
                <line number="3603" hits="33" branch="true" condition-coverage="50% (1/2)" />
                <line number="3604" hits="0" branch="false" />
                <line number="3605" hits="0" branch="false" />
                <line number="3606" hits="0" branch="false" />
                <line number="3607" hits="0" branch="false" />
                <line number="3608" hits="33" branch="true" condition-coverage="50% (1/2)" />
                <line number="3609" hits="0" branch="false" />
                <line number="3610" hits="0" branch="false" />
                <line number="3611" hits="0" branch="false" />
                <line number="3612" hits="0" branch="false" />
                <line number="3613" hits="37" branch="true" condition-coverage="100% (2/2)" />
                <line number="3614" hits="12" branch="false" />
                <line number="3615" hits="12" branch="false" />
                <line number="3616" hits="12" branch="false" />
                <line number="3617" hits="4" branch="false" />
                <line number="3618" hits="30" branch="true" condition-coverage="100% (2/2)" />
                <line number="3619" hits="3" branch="false" />
                <line number="3620" hits="3" branch="false" />
                <line number="3621" hits="3" branch="false" />
                <line number="3622" hits="3" branch="false" />
                <line number="3623" hits="1" branch="false" />
                <line number="3624" hits="28" branch="true" condition-coverage="50% (1/2)" />
                <line number="3625" hits="0" branch="false" />
                <line number="3626" hits="0" branch="false" />
                <line number="3627" hits="0" branch="false" />
                <line number="3628" hits="0" branch="false" />
                <line number="3629" hits="0" branch="false" />
                <line number="3630" hits="28" branch="true" condition-coverage="50% (1/2)" />
                <line number="3631" hits="0" branch="false" />
                <line number="3632" hits="0" branch="false" />
                <line number="3633" hits="0" branch="false" />
                <line number="3634" hits="0" branch="false" />
                <line number="3635" hits="0" branch="false" />
                <line number="3636" hits="28" branch="true" condition-coverage="50% (1/2)" />
                <line number="3637" hits="0" branch="false" />
                <line number="3638" hits="0" branch="false" />
                <line number="3639" hits="0" branch="false" />
                <line number="3640" hits="0" branch="false" />
                <line number="3641" hits="0" branch="false" />
                <line number="3642" hits="28" branch="false" />
                <line number="3644" hits="28" branch="false" />
                <line number="3645" hits="4874" branch="false" />
                <line number="3646" hits="4874" branch="false" />
              </lines>
            </method>
            <method name="CreateNullableTypedSetterDelegate" signature="(SQLite.TableMapping/Column,System.Func`3&lt;SQLitePCL.sqlite3_stmt,System.Int32,ColumnMemberType&gt;)" line-rate="1" branch-rate="1" complexity="4">
              <lines>
                <line number="3659" hits="1216" branch="false" />
                <line number="3660" hits="1216" branch="false" />
                <line number="3661" hits="1216" branch="false" />
                <line number="3663" hits="1224" branch="true" condition-coverage="100% (2/2)" />
                <line number="3664" hits="8" branch="false" />
                <line number="3665" hits="8" branch="false" />
                <line number="3667" hits="1224" branch="true" condition-coverage="100% (2/2)" />
                <line number="3668" hits="8" branch="false" />
                <line number="3669" hits="8" branch="false" />
                <line number="3670" hits="8" branch="false" />
                <line number="3672" hits="26" branch="false" />
                <line number="3673" hits="26" branch="false" />
                <line number="3674" hits="26" branch="true" condition-coverage="100% (2/2)" />
                <line number="3675" hits="23" branch="false" />
                <line number="3676" hits="26" branch="false" />
                <line number="3679" hits="1208" branch="false" />
                <line number="3680" hits="1216" branch="false" />
              </lines>
            </method>
            <method name="CreateTypedSetterDelegate" signature="(SQLite.TableMapping/Column,System.Func`3&lt;SQLitePCL.sqlite3_stmt,System.Int32,ColumnMemberType&gt;)" line-rate="1" branch-rate="1" complexity="1">
              <lines>
                <line number="3691" hits="4827" branch="false" />
                <line number="3692" hits="4827" branch="false" />
                <line number="3693" hits="4827" branch="false" />
                <line number="3694" hits="4827" branch="false" />
                <line number="3696" hits="30737" branch="false" />
                <line number="3697" hits="30737" branch="false" />
                <line number="3698" hits="30737" branch="true" condition-coverage="100% (2/2)" />
                <line number="3699" hits="28396" branch="false" />
                <line number="3700" hits="30737" branch="false" />
                <line number="3701" hits="4827" branch="false" />
              </lines>
            </method>
          </methods>
          <lines>
            <line number="3500" hits="4874" branch="false" />
            <line number="3501" hits="4874" branch="false" />
            <line number="3503" hits="4874" branch="false" />
            <line number="3505" hits="4874" branch="false" />
            <line number="3506" hits="4885" branch="true" condition-coverage="100% (2/2)" />
            <line number="3507" hits="11" branch="false" />
            <line number="3508" hits="11" branch="false" />
            <line number="3509" hits="11" branch="false" />
            <line number="3511" hits="8489" branch="true" condition-coverage="100% (2/2)" />
            <line number="3512" hits="15027" branch="false" />
            <line number="3513" hits="15027" branch="false" />
            <line number="3514" hits="15027" branch="false" />
            <line number="3515" hits="3615" branch="false" />
            <line number="3516" hits="2363" branch="true" condition-coverage="100% (2/2)" />
            <line number="3517" hits="12654" branch="false" />
            <line number="3518" hits="12654" branch="false" />
            <line number="3519" hits="12654" branch="false" />
            <line number="3520" hits="1104" branch="false" />
            <line number="3521" hits="159" branch="true" condition-coverage="100% (2/2)" />
            <line number="3522" hits="20" branch="false" />
            <line number="3523" hits="20" branch="false" />
            <line number="3524" hits="20" branch="false" />
            <line number="3525" hits="4" branch="false" />
            <line number="3526" hits="152" branch="true" condition-coverage="100% (2/2)" />
            <line number="3527" hits="2" branch="false" />
            <line number="3528" hits="2" branch="false" />
            <line number="3529" hits="2" branch="false" />
            <line number="3530" hits="1" branch="false" />
            <line number="3531" hits="151" branch="true" condition-coverage="100% (2/2)" />
            <line number="3532" hits="4" branch="false" />
            <line number="3533" hits="4" branch="false" />
            <line number="3534" hits="4" branch="false" />
            <line number="3535" hits="1" branch="false" />
            <line number="3536" hits="153" branch="true" condition-coverage="100% (2/2)" />
            <line number="3537" hits="6" branch="true" condition-coverage="100% (2/2)" />
            <line number="3538" hits="4" branch="false" />
            <line number="3539" hits="4" branch="false" />
            <line number="3540" hits="4" branch="false" />
            <line number="3541" hits="2" branch="false" />
            <line number="3542" hits="2" branch="false" />
            <line number="3543" hits="4" branch="false" />
            <line number="3544" hits="4" branch="false" />
            <line number="3545" hits="2" branch="false" />
            <line number="3546" hits="4" branch="true" condition-coverage="50% (1/2)" />
            <line number="3547" hits="2" branch="false" />
            <line number="3548" hits="2" branch="false" />
            <line number="3549" hits="4" branch="false" />
            <line number="3550" hits="4" branch="false" />
            <line number="3551" hits="2" branch="false" />
            <line number="3552" hits="4" branch="false" />
            <line number="3553" hits="160" branch="true" condition-coverage="100% (2/2)" />
            <line number="3554" hits="22" branch="true" condition-coverage="100% (2/2)" />
            <line number="3555" hits="15" branch="false" />
            <line number="3556" hits="15" branch="false" />
            <line number="3557" hits="15" branch="false" />
            <line number="3558" hits="7" branch="false" />
            <line number="3559" hits="8" branch="false" />
            <line number="3560" hits="17" branch="false" />
            <line number="3561" hits="17" branch="false" />
            <line number="3562" hits="8" branch="false" />
            <line number="3563" hits="17" branch="true" condition-coverage="50% (1/2)" />
            <line number="3564" hits="8" branch="false" />
            <line number="3565" hits="8" branch="false" />
            <line number="3566" hits="17" branch="false" />
            <line number="3567" hits="17" branch="false" />
            <line number="3568" hits="8" branch="false" />
            <line number="3569" hits="15" branch="false" />
            <line number="3570" hits="132" branch="true" condition-coverage="100% (2/2)" />
            <line number="3571" hits="4" branch="false" />
            <line number="3572" hits="4" branch="false" />
            <line number="3573" hits="4" branch="false" />
            <line number="3574" hits="2" branch="false" />
            <line number="3575" hits="139" branch="true" condition-coverage="100% (2/2)" />
            <line number="3577" hits="11" branch="false" />
            <line number="3578" hits="117" branch="true" condition-coverage="50% (1/2)" />
            <line number="3579" hits="0" branch="false" />
            <line number="3580" hits="0" branch="false" />
            <line number="3581" hits="0" branch="false" />
            <line number="3582" hits="0" branch="false" />
            <line number="3583" hits="156" branch="true" condition-coverage="100% (2/2)" />
            <line number="3584" hits="316" branch="false" />
            <line number="3585" hits="316" branch="false" />
            <line number="3586" hits="316" branch="false" />
            <line number="3587" hits="39" branch="false" />
            <line number="3588" hits="122" branch="true" condition-coverage="100% (2/2)" />
            <line number="3589" hits="326" branch="false" />
            <line number="3590" hits="326" branch="false" />
            <line number="3591" hits="326" branch="false" />
            <line number="3592" hits="44" branch="false" />
            <line number="3593" hits="35" branch="true" condition-coverage="100% (2/2)" />
            <line number="3594" hits="11" branch="false" />
            <line number="3595" hits="11" branch="false" />
            <line number="3596" hits="11" branch="false" />
            <line number="3597" hits="1" branch="false" />
            <line number="3598" hits="33" branch="true" condition-coverage="50% (1/2)" />
            <line number="3599" hits="0" branch="false" />
            <line number="3600" hits="0" branch="false" />
            <line number="3601" hits="0" branch="false" />
            <line number="3602" hits="0" branch="false" />
            <line number="3603" hits="33" branch="true" condition-coverage="50% (1/2)" />
            <line number="3604" hits="0" branch="false" />
            <line number="3605" hits="0" branch="false" />
            <line number="3606" hits="0" branch="false" />
            <line number="3607" hits="0" branch="false" />
            <line number="3608" hits="33" branch="true" condition-coverage="50% (1/2)" />
            <line number="3609" hits="0" branch="false" />
            <line number="3610" hits="0" branch="false" />
            <line number="3611" hits="0" branch="false" />
            <line number="3612" hits="0" branch="false" />
            <line number="3613" hits="37" branch="true" condition-coverage="100% (2/2)" />
            <line number="3614" hits="12" branch="false" />
            <line number="3615" hits="12" branch="false" />
            <line number="3616" hits="12" branch="false" />
            <line number="3617" hits="4" branch="false" />
            <line number="3618" hits="30" branch="true" condition-coverage="100% (2/2)" />
            <line number="3619" hits="3" branch="false" />
            <line number="3620" hits="3" branch="false" />
            <line number="3621" hits="3" branch="false" />
            <line number="3622" hits="3" branch="false" />
            <line number="3623" hits="1" branch="false" />
            <line number="3624" hits="28" branch="true" condition-coverage="50% (1/2)" />
            <line number="3625" hits="0" branch="false" />
            <line number="3626" hits="0" branch="false" />
            <line number="3627" hits="0" branch="false" />
            <line number="3628" hits="0" branch="false" />
            <line number="3629" hits="0" branch="false" />
            <line number="3630" hits="28" branch="true" condition-coverage="50% (1/2)" />
            <line number="3631" hits="0" branch="false" />
            <line number="3632" hits="0" branch="false" />
            <line number="3633" hits="0" branch="false" />
            <line number="3634" hits="0" branch="false" />
            <line number="3635" hits="0" branch="false" />
            <line number="3636" hits="28" branch="true" condition-coverage="50% (1/2)" />
            <line number="3637" hits="0" branch="false" />
            <line number="3638" hits="0" branch="false" />
            <line number="3639" hits="0" branch="false" />
            <line number="3640" hits="0" branch="false" />
            <line number="3641" hits="0" branch="false" />
            <line number="3642" hits="28" branch="false" />
            <line number="3644" hits="28" branch="false" />
            <line number="3645" hits="4874" branch="false" />
            <line number="3646" hits="4874" branch="false" />
            <line number="3659" hits="1216" branch="false" />
            <line number="3660" hits="1216" branch="false" />
            <line number="3661" hits="1216" branch="false" />
            <line number="3663" hits="1224" branch="true" condition-coverage="100% (2/2)" />
            <line number="3664" hits="8" branch="false" />
            <line number="3665" hits="8" branch="false" />
            <line number="3667" hits="1224" branch="true" condition-coverage="100% (2/2)" />
            <line number="3668" hits="8" branch="false" />
            <line number="3669" hits="8" branch="false" />
            <line number="3670" hits="8" branch="false" />
            <line number="3672" hits="26" branch="false" />
            <line number="3673" hits="26" branch="false" />
            <line number="3674" hits="26" branch="true" condition-coverage="100% (2/2)" />
            <line number="3675" hits="23" branch="false" />
            <line number="3676" hits="26" branch="false" />
            <line number="3679" hits="1208" branch="false" />
            <line number="3680" hits="1216" branch="false" />
            <line number="3691" hits="4827" branch="false" />
            <line number="3692" hits="4827" branch="false" />
            <line number="3693" hits="4827" branch="false" />
            <line number="3694" hits="4827" branch="false" />
            <line number="3696" hits="30737" branch="false" />
            <line number="3697" hits="30737" branch="false" />
            <line number="3698" hits="30737" branch="true" condition-coverage="100% (2/2)" />
            <line number="3699" hits="28396" branch="false" />
            <line number="3700" hits="30737" branch="false" />
            <line number="3701" hits="4827" branch="false" />
          </lines>
        </class>
        <class name="SQLite.IndexedAttribute" filename="/Users/runner/work/sqlite-net/sqlite-net/src/SQLite.cs" line-rate="1" branch-rate="1" complexity="2">
          <methods>
            <method name=".ctor" signature="()" line-rate="1" branch-rate="1" complexity="1">
              <lines>
                <line number="2457" hits="202" branch="false" />
                <line number="2458" hits="202" branch="false" />
                <line number="2459" hits="202" branch="false" />
              </lines>
            </method>
            <method name=".ctor" signature="(System.String,System.Int32)" line-rate="1" branch-rate="1" complexity="1">
              <lines>
                <line number="2461" hits="42" branch="false" />
                <line number="2462" hits="42" branch="false" />
                <line number="2463" hits="42" branch="false" />
                <line number="2464" hits="42" branch="false" />
                <line number="2465" hits="42" branch="false" />
              </lines>
            </method>
          </methods>
          <lines>
            <line number="2457" hits="202" branch="false" />
            <line number="2458" hits="202" branch="false" />
            <line number="2459" hits="202" branch="false" />
            <line number="2461" hits="42" branch="false" />
            <line number="2462" hits="42" branch="false" />
            <line number="2463" hits="42" branch="false" />
            <line number="2464" hits="42" branch="false" />
            <line number="2465" hits="42" branch="false" />
          </lines>
        </class>
        <class name="SQLite.MaxLengthAttribute" filename="/Users/runner/work/sqlite-net/sqlite-net/src/SQLite.cs" line-rate="1" branch-rate="1" complexity="1">
          <methods>
            <method name=".ctor" signature="(System.Int32)" line-rate="1" branch-rate="1" complexity="1">
              <lines>
                <line number="2487" hits="5" branch="false" />
                <line number="2488" hits="5" branch="false" />
                <line number="2489" hits="5" branch="false" />
                <line number="2490" hits="5" branch="false" />
              </lines>
            </method>
          </methods>
          <lines>
            <line number="2487" hits="5" branch="false" />
            <line number="2488" hits="5" branch="false" />
            <line number="2489" hits="5" branch="false" />
            <line number="2490" hits="5" branch="false" />
          </lines>
        </class>
        <class name="SQLite.NotifyTableChangedEventArgs" filename="/Users/runner/work/sqlite-net/sqlite-net/src/SQLite.cs" line-rate="1" branch-rate="1" complexity="1">
          <methods>
            <method name=".ctor" signature="(SQLite.TableMapping,SQLite.NotifyTableChangedAction)" line-rate="1" branch-rate="1" complexity="1">
              <lines>
                <line number="2247" hits="26" branch="false" />
                <line number="2248" hits="26" branch="false" />
                <line number="2249" hits="26" branch="false" />
                <line number="2250" hits="26" branch="false" />
                <line number="2251" hits="26" branch="false" />
              </lines>
            </method>
          </methods>
          <lines>
            <line number="2247" hits="26" branch="false" />
            <line number="2248" hits="26" branch="false" />
            <line number="2249" hits="26" branch="false" />
            <line number="2250" hits="26" branch="false" />
            <line number="2251" hits="26" branch="false" />
          </lines>
        </class>
        <class name="SQLite.NotNullConstraintViolationException" filename="/Users/runner/work/sqlite-net/sqlite-net/src/SQLite.cs" line-rate="1" branch-rate="1" complexity="7">
          <methods>
            <method name=".ctor" signature="(SQLite.SQLite3/Result,System.String)" line-rate="1" branch-rate="1" complexity="1">
              <lines>
                <line number="82" hits="7" branch="false" />
                <line number="83" hits="7" branch="false" />
                <line number="85" hits="7" branch="false" />
              </lines>
            </method>
            <method name=".ctor" signature="(SQLite.SQLite3/Result,System.String,SQLite.TableMapping,System.Object)" line-rate="1" branch-rate="1" complexity="3">
              <lines>
                <line number="88" hits="12" branch="false" />
                <line number="89" hits="12" branch="false" />
                <line number="90" hits="17" branch="true" condition-coverage="100% (2/2)" />
                <line number="91" hits="5" branch="false" />
                <line number="92" hits="17" branch="true" condition-coverage="100% (2/2)" />
                <line number="93" hits="5" branch="false" />
                <line number="94" hits="5" branch="false" />
                <line number="95" hits="12" branch="false" />
              </lines>
            </method>
            <method name="New" signature="(SQLite.SQLite3/Result,System.String)" line-rate="1" branch-rate="1" complexity="1">
              <lines>
                <line number="98" hits="7" branch="false" />
                <line number="99" hits="7" branch="false" />
                <line number="100" hits="7" branch="false" />
              </lines>
            </method>
            <method name="New" signature="(SQLite.SQLite3/Result,System.String,SQLite.TableMapping,System.Object)" line-rate="1" branch-rate="1" complexity="1">
              <lines>
                <line number="103" hits="3" branch="false" />
                <line number="104" hits="3" branch="false" />
                <line number="105" hits="3" branch="false" />
              </lines>
            </method>
            <method name="New" signature="(SQLite.SQLiteException,SQLite.TableMapping,System.Object)" line-rate="1" branch-rate="1" complexity="1">
              <lines>
                <line number="108" hits="2" branch="false" />
                <line number="109" hits="2" branch="false" />
                <line number="110" hits="2" branch="false" />
              </lines>
            </method>
          </methods>
          <lines>
            <line number="82" hits="7" branch="false" />
            <line number="83" hits="7" branch="false" />
            <line number="85" hits="7" branch="false" />
            <line number="88" hits="12" branch="false" />
            <line number="89" hits="12" branch="false" />
            <line number="90" hits="17" branch="true" condition-coverage="100% (2/2)" />
            <line number="91" hits="5" branch="false" />
            <line number="92" hits="17" branch="true" condition-coverage="100% (2/2)" />
            <line number="93" hits="5" branch="false" />
            <line number="94" hits="5" branch="false" />
            <line number="95" hits="12" branch="false" />
            <line number="98" hits="7" branch="false" />
            <line number="99" hits="7" branch="false" />
            <line number="100" hits="7" branch="false" />
            <line number="103" hits="3" branch="false" />
            <line number="104" hits="3" branch="false" />
            <line number="105" hits="3" branch="false" />
            <line number="108" hits="2" branch="false" />
            <line number="109" hits="2" branch="false" />
            <line number="110" hits="2" branch="false" />
          </lines>
        </class>
        <class name="SQLite.Orm" filename="/Users/runner/work/sqlite-net/sqlite-net/src/SQLite.cs" line-rate="0.9098360655737705" branch-rate="0.875" complexity="64">
          <methods>
            <method name="GetType" signature="(System.Object)" line-rate="0.75" branch-rate="0.5" complexity="3">
              <lines>
                <line number="2864" hits="13101" branch="false" />
                <line number="2865" hits="13101" branch="true" condition-coverage="50% (1/2)" />
                <line number="2866" hits="0" branch="false" />
                <line number="2867" hits="13101" branch="false" />
                <line number="2868" hits="13101" branch="true" condition-coverage="50% (1/2)" />
                <line number="2869" hits="0" branch="false" />
                <line number="2870" hits="13101" branch="false" />
                <line number="2871" hits="13101" branch="false" />
              </lines>
            </method>
            <method name="SqlDecl" signature="(SQLite.TableMapping/Column,System.Boolean,System.Boolean)" line-rate="1" branch-rate="1" complexity="5">
              <lines>
                <line number="2874" hits="1061" branch="false" />
                <line number="2875" hits="1061" branch="false" />
                <line number="2877" hits="1360" branch="true" condition-coverage="100% (2/2)" />
                <line number="2878" hits="299" branch="false" />
                <line number="2879" hits="299" branch="false" />
                <line number="2880" hits="1310" branch="true" condition-coverage="100% (2/2)" />
                <line number="2881" hits="249" branch="false" />
                <line number="2882" hits="249" branch="false" />
                <line number="2883" hits="1384" branch="true" condition-coverage="100% (2/2)" />
                <line number="2884" hits="323" branch="false" />
                <line number="2885" hits="323" branch="false" />
                <line number="2886" hits="1064" branch="true" condition-coverage="100% (2/2)" />
                <line number="2887" hits="3" branch="false" />
                <line number="2888" hits="3" branch="false" />
                <line number="2890" hits="1061" branch="false" />
                <line number="2891" hits="1061" branch="false" />
              </lines>
            </method>
            <method name="SqlType" signature="(SQLite.TableMapping/Column,System.Boolean,System.Boolean)" line-rate="1" branch-rate="0.9642857142857143" complexity="30">
              <lines>
                <line number="2894" hits="1061" branch="false" />
                <line number="2895" hits="1061" branch="false" />
                <line number="2896" hits="1508" branch="true" condition-coverage="100% (2/2)" />
                <line number="2897" hits="447" branch="false" />
                <line number="2899" hits="664" branch="true" condition-coverage="100% (2/2)" />
                <line number="2900" hits="50" branch="false" />
                <line number="2902" hits="1008" branch="true" condition-coverage="100% (2/2)" />
                <line number="2903" hits="444" branch="false" />
                <line number="2905" hits="444" branch="true" condition-coverage="100% (2/2)" />
                <line number="2906" hits="275" branch="false" />
                <line number="2908" hits="169" branch="false" />
                <line number="2910" hits="124" branch="true" condition-coverage="100% (2/2)" />
                <line number="2911" hits="4" branch="true" condition-coverage="100% (2/2)" />
                <line number="2913" hits="164" branch="true" condition-coverage="100% (2/2)" />
                <line number="2914" hits="48" branch="true" condition-coverage="100% (2/2)" />
                <line number="2916" hits="70" branch="true" condition-coverage="100% (2/2)" />
                <line number="2917" hits="2" branch="false" />
                <line number="2919" hits="97" branch="true" condition-coverage="100% (2/2)" />
                <line number="2920" hits="31" branch="true" condition-coverage="100% (2/2)" />
                <line number="2921" hits="3" branch="false" />
                <line number="2923" hits="28" branch="false" />
                <line number="2925" hits="39" branch="true" condition-coverage="100% (2/2)" />
                <line number="2926" hits="4" branch="false" />
                <line number="2928" hits="34" branch="true" condition-coverage="100% (2/2)" />
                <line number="2929" hits="3" branch="false" />
                <line number="2931" hits="28" branch="false" />
                <line number="2932" hits="28" branch="true" condition-coverage="50% (1/2)" />
                <line number="2935" hits="1061" branch="false" />
              </lines>
            </method>
            <method name="IsPK" signature="(System.Reflection.MemberInfo)" line-rate="1" branch-rate="1" complexity="2">
              <lines>
                <line number="2938" hits="192" branch="false" />
                <line number="2939" hits="306" branch="true" condition-coverage="100% (2/2)" />
                <line number="2940" hits="192" branch="false" />
              </lines>
            </method>
            <method name="Collation" signature="(System.Reflection.MemberInfo)" line-rate="1" branch-rate="0.6666666666666666" complexity="4">
              <lines>
                <line number="2943" hits="192" branch="false" />
                <line number="2947" hits="192" branch="true" condition-coverage="100% (2/2)" />
                <line number="2948" hits="192" branch="false" />
                <line number="2949" hits="328" branch="false" />
                <line number="2950" hits="195" branch="false" />
                <line number="2951" hits="195" branch="false" />
                <line number="2952" hits="195" branch="true" condition-coverage="50% (2/4)" />
                <line number="2953" hits="195" branch="false" />
                <line number="2954" hits="192" branch="false" />
                <line number="2956" hits="192" branch="false" />
              </lines>
            </method>
            <method name="IsAutoInc" signature="(System.Reflection.MemberInfo)" line-rate="1" branch-rate="1" complexity="2">
              <lines>
                <line number="2959" hits="192" branch="false" />
                <line number="2960" hits="309" branch="true" condition-coverage="100% (2/2)" />
                <line number="2961" hits="192" branch="false" />
              </lines>
            </method>
            <method name="GetField" signature="(System.Reflection.TypeInfo,System.String)" line-rate="0" branch-rate="0" complexity="2">
              <lines>
                <line number="2964" hits="0" branch="false" />
                <line number="2965" hits="0" branch="false" />
                <line number="2966" hits="0" branch="true" condition-coverage="0% (0/2)" />
                <line number="2967" hits="0" branch="false" />
                <line number="2968" hits="0" branch="false" />
                <line number="2969" hits="0" branch="false" />
              </lines>
            </method>
            <method name="GetProperty" signature="(System.Reflection.TypeInfo,System.String)" line-rate="1" branch-rate="1" complexity="2">
              <lines>
                <line number="2972" hits="25" branch="false" />
                <line number="2973" hits="25" branch="false" />
                <line number="2974" hits="25" branch="true" condition-coverage="100% (2/2)" />
                <line number="2975" hits="19" branch="false" />
                <line number="2976" hits="6" branch="false" />
                <line number="2977" hits="25" branch="false" />
              </lines>
            </method>
            <method name="InflateAttribute" signature="(System.Reflection.CustomAttributeData)" line-rate="0.8666666666666667" branch-rate="0.75" complexity="5">
              <lines>
                <line number="2980" hits="253" branch="false" />
                <line number="2981" hits="253" branch="false" />
                <line number="2982" hits="253" branch="false" />
                <line number="2986" hits="350" branch="false" />
                <line number="2987" hits="253" branch="false" />
                <line number="2988" hits="816" branch="true" condition-coverage="100% (2/2)" />
                <line number="2989" hits="19" branch="true" condition-coverage="50% (1/2)" />
                <line number="2990" hits="0" branch="false" />
                <line number="2991" hits="0" branch="false" />
                <line number="2992" hits="19" branch="false" />
                <line number="2993" hits="19" branch="false" />
                <line number="2994" hits="19" branch="false" />
                <line number="2995" hits="19" branch="false" />
                <line number="2997" hits="253" branch="false" />
                <line number="2998" hits="253" branch="false" />
              </lines>
            </method>
            <method name="GetIndices" signature="(System.Reflection.MemberInfo)" line-rate="1" branch-rate="1" complexity="2">
              <lines>
                <line number="3001" hits="192" branch="false" />
                <line number="3005" hits="192" branch="false" />
                <line number="3006" hits="192" branch="true" condition-coverage="100% (2/2)" />
                <line number="3007" hits="192" branch="false" />
                <line number="3008" hits="1434" branch="false" />
                <line number="3009" hits="432" branch="false" />
                <line number="3011" hits="192" branch="false" />
              </lines>
            </method>
            <method name="MaxStringLength" signature="(System.Reflection.MemberInfo)" line-rate="1" branch-rate="1" complexity="3">
              <lines>
                <line number="3014" hits="192" branch="false" />
                <line number="3018" hits="325" branch="false" />
                <line number="3019" hits="197" branch="true" condition-coverage="100% (2/2)" />
                <line number="3020" hits="5" branch="false" />
                <line number="3021" hits="5" branch="false" />
                <line number="3023" hits="187" branch="false" />
                <line number="3025" hits="192" branch="false" />
              </lines>
            </method>
            <method name="MaxStringLength" signature="(System.Reflection.PropertyInfo)" line-rate="0" branch-rate="1" complexity="1">
              <lines>
                <line number="3027" hits="0" branch="false" />
              </lines>
            </method>
            <method name="IsMarkedNotNull" signature="(System.Reflection.MemberInfo)" line-rate="1" branch-rate="1" complexity="2">
              <lines>
                <line number="3030" hits="135" branch="false" />
                <line number="3031" hits="175" branch="true" condition-coverage="100% (2/2)" />
                <line number="3032" hits="135" branch="false" />
              </lines>
            </method>
            <method name=".cctor" signature="()" line-rate="1" branch-rate="1" complexity="1">
              <lines>
                <line number="2853" hits="1" branch="false" />
                <line number="2854" hits="1" branch="false" />
                <line number="2855" hits="1" branch="false" />
                <line number="2856" hits="1" branch="false" />
                <line number="2857" hits="1" branch="false" />
                <line number="2858" hits="1" branch="false" />
                <line number="2859" hits="1" branch="false" />
                <line number="2860" hits="1" branch="false" />
                <line number="2861" hits="1" branch="false" />
              </lines>
            </method>
          </methods>
          <lines>
            <line number="2853" hits="1" branch="false" />
            <line number="2854" hits="1" branch="false" />
            <line number="2855" hits="1" branch="false" />
            <line number="2856" hits="1" branch="false" />
            <line number="2857" hits="1" branch="false" />
            <line number="2858" hits="1" branch="false" />
            <line number="2859" hits="1" branch="false" />
            <line number="2860" hits="1" branch="false" />
            <line number="2861" hits="1" branch="false" />
            <line number="2864" hits="13101" branch="false" />
            <line number="2865" hits="13101" branch="true" condition-coverage="50% (1/2)" />
            <line number="2866" hits="0" branch="false" />
            <line number="2867" hits="13101" branch="false" />
            <line number="2868" hits="13101" branch="true" condition-coverage="50% (1/2)" />
            <line number="2869" hits="0" branch="false" />
            <line number="2870" hits="13101" branch="false" />
            <line number="2871" hits="13101" branch="false" />
            <line number="2874" hits="1061" branch="false" />
            <line number="2875" hits="1061" branch="false" />
            <line number="2877" hits="1360" branch="true" condition-coverage="100% (2/2)" />
            <line number="2878" hits="299" branch="false" />
            <line number="2879" hits="299" branch="false" />
            <line number="2880" hits="1310" branch="true" condition-coverage="100% (2/2)" />
            <line number="2881" hits="249" branch="false" />
            <line number="2882" hits="249" branch="false" />
            <line number="2883" hits="1384" branch="true" condition-coverage="100% (2/2)" />
            <line number="2884" hits="323" branch="false" />
            <line number="2885" hits="323" branch="false" />
            <line number="2886" hits="1064" branch="true" condition-coverage="100% (2/2)" />
            <line number="2887" hits="3" branch="false" />
            <line number="2888" hits="3" branch="false" />
            <line number="2890" hits="1061" branch="false" />
            <line number="2891" hits="1061" branch="false" />
            <line number="2894" hits="1061" branch="false" />
            <line number="2895" hits="1061" branch="false" />
            <line number="2896" hits="1508" branch="true" condition-coverage="100% (2/2)" />
            <line number="2897" hits="447" branch="false" />
            <line number="2899" hits="664" branch="true" condition-coverage="100% (2/2)" />
            <line number="2900" hits="50" branch="false" />
            <line number="2902" hits="1008" branch="true" condition-coverage="100% (2/2)" />
            <line number="2903" hits="444" branch="false" />
            <line number="2905" hits="444" branch="true" condition-coverage="100% (2/2)" />
            <line number="2906" hits="275" branch="false" />
            <line number="2908" hits="169" branch="false" />
            <line number="2910" hits="124" branch="true" condition-coverage="100% (2/2)" />
            <line number="2911" hits="4" branch="true" condition-coverage="100% (2/2)" />
            <line number="2913" hits="164" branch="true" condition-coverage="100% (2/2)" />
            <line number="2914" hits="48" branch="true" condition-coverage="100% (2/2)" />
            <line number="2916" hits="70" branch="true" condition-coverage="100% (2/2)" />
            <line number="2917" hits="2" branch="false" />
            <line number="2919" hits="97" branch="true" condition-coverage="100% (2/2)" />
            <line number="2920" hits="31" branch="true" condition-coverage="100% (2/2)" />
            <line number="2921" hits="3" branch="false" />
            <line number="2923" hits="28" branch="false" />
            <line number="2925" hits="39" branch="true" condition-coverage="100% (2/2)" />
            <line number="2926" hits="4" branch="false" />
            <line number="2928" hits="34" branch="true" condition-coverage="100% (2/2)" />
            <line number="2929" hits="3" branch="false" />
            <line number="2931" hits="28" branch="false" />
            <line number="2932" hits="28" branch="true" condition-coverage="50% (1/2)" />
            <line number="2935" hits="1061" branch="false" />
            <line number="2938" hits="192" branch="false" />
            <line number="2939" hits="306" branch="true" condition-coverage="100% (2/2)" />
            <line number="2940" hits="192" branch="false" />
            <line number="2943" hits="192" branch="false" />
            <line number="2947" hits="192" branch="true" condition-coverage="100% (2/2)" />
            <line number="2948" hits="192" branch="false" />
            <line number="2949" hits="328" branch="false" />
            <line number="2950" hits="195" branch="false" />
            <line number="2951" hits="195" branch="false" />
            <line number="2952" hits="195" branch="true" condition-coverage="50% (2/4)" />
            <line number="2953" hits="195" branch="false" />
            <line number="2954" hits="192" branch="false" />
            <line number="2956" hits="192" branch="false" />
            <line number="2959" hits="192" branch="false" />
            <line number="2960" hits="309" branch="true" condition-coverage="100% (2/2)" />
            <line number="2961" hits="192" branch="false" />
            <line number="2964" hits="0" branch="false" />
            <line number="2965" hits="0" branch="false" />
            <line number="2966" hits="0" branch="true" condition-coverage="0% (0/2)" />
            <line number="2967" hits="0" branch="false" />
            <line number="2968" hits="0" branch="false" />
            <line number="2969" hits="0" branch="false" />
            <line number="2972" hits="25" branch="false" />
            <line number="2973" hits="25" branch="false" />
            <line number="2974" hits="25" branch="true" condition-coverage="100% (2/2)" />
            <line number="2975" hits="19" branch="false" />
            <line number="2976" hits="6" branch="false" />
            <line number="2977" hits="25" branch="false" />
            <line number="2980" hits="253" branch="false" />
            <line number="2981" hits="253" branch="false" />
            <line number="2982" hits="253" branch="false" />
            <line number="2986" hits="350" branch="false" />
            <line number="2987" hits="253" branch="false" />
            <line number="2988" hits="816" branch="true" condition-coverage="100% (2/2)" />
            <line number="2989" hits="19" branch="true" condition-coverage="50% (1/2)" />
            <line number="2990" hits="0" branch="false" />
            <line number="2991" hits="0" branch="false" />
            <line number="2992" hits="19" branch="false" />
            <line number="2993" hits="19" branch="false" />
            <line number="2994" hits="19" branch="false" />
            <line number="2995" hits="19" branch="false" />
            <line number="2997" hits="253" branch="false" />
            <line number="2998" hits="253" branch="false" />
            <line number="3001" hits="192" branch="false" />
            <line number="3005" hits="192" branch="false" />
            <line number="3006" hits="192" branch="true" condition-coverage="100% (2/2)" />
            <line number="3007" hits="192" branch="false" />
            <line number="3008" hits="1434" branch="false" />
            <line number="3009" hits="432" branch="false" />
            <line number="3011" hits="192" branch="false" />
            <line number="3014" hits="192" branch="false" />
            <line number="3018" hits="325" branch="false" />
            <line number="3019" hits="197" branch="true" condition-coverage="100% (2/2)" />
            <line number="3020" hits="5" branch="false" />
            <line number="3021" hits="5" branch="false" />
            <line number="3023" hits="187" branch="false" />
            <line number="3025" hits="192" branch="false" />
            <line number="3027" hits="0" branch="false" />
            <line number="3030" hits="135" branch="false" />
            <line number="3031" hits="175" branch="true" condition-coverage="100% (2/2)" />
            <line number="3032" hits="135" branch="false" />
          </lines>
        </class>
        <class name="SQLite.PreparedSqlLiteInsertCommand" filename="/Users/runner/work/sqlite-net/sqlite-net/src/SQLite.cs" line-rate="0.9230769230769231" branch-rate="0.8" complexity="17">
          <methods>
            <method name=".ctor" signature="(SQLite.SQLiteConnection,System.String)" line-rate="1" branch-rate="1" complexity="1">
              <lines>
                <line number="3718" hits="178" branch="false" />
                <line number="3719" hits="178" branch="false" />
                <line number="3720" hits="178" branch="false" />
                <line number="3721" hits="178" branch="false" />
                <line number="3722" hits="178" branch="false" />
              </lines>
            </method>
            <method name="ExecuteNonQuery" signature="(System.Object[])" line-rate="0.875" branch-rate="0.8333333333333334" complexity="12">
              <lines>
                <line number="3725" hits="13086" branch="false" />
                <line number="3726" hits="13086" branch="true" condition-coverage="50% (1/2)" />
                <line number="3727" hits="0" branch="false" />
                <line number="3730" hits="14834" branch="true" condition-coverage="100% (2/2)" />
                <line number="3731" hits="1748" branch="true" condition-coverage="100% (2/2)" />
                <line number="3732" hits="1748" branch="false" />
                <line number="3734" hits="13086" branch="false" />
                <line number="3736" hits="13264" branch="true" condition-coverage="100% (2/2)" />
                <line number="3737" hits="178" branch="false" />
                <line number="3738" hits="178" branch="false" />
                <line number="3739" hits="178" branch="false" />
                <line number="3742" hits="26172" branch="true" condition-coverage="50% (1/2)" />
                <line number="3743" hits="78348" branch="true" condition-coverage="100% (2/2)" />
                <line number="3744" hits="17392" branch="false" />
                <line number="3745" hits="17392" branch="false" />
                <line number="3746" hits="13086" branch="false" />
                <line number="3747" hits="13086" branch="false" />
                <line number="3749" hits="26165" branch="true" condition-coverage="100% (2/2)" />
                <line number="3750" hits="13079" branch="false" />
                <line number="3751" hits="13079" branch="false" />
                <line number="3752" hits="13079" branch="false" />
                <line number="3754" hits="7" branch="true" condition-coverage="50% (1/2)" />
                <line number="3755" hits="0" branch="false" />
                <line number="3756" hits="0" branch="false" />
                <line number="3757" hits="0" branch="false" />
                <line number="3759" hits="10" branch="true" condition-coverage="100% (2/2)" />
                <line number="3760" hits="3" branch="false" />
                <line number="3761" hits="3" branch="false" />
                <line number="3763" hits="4" branch="false" />
                <line number="3764" hits="4" branch="false" />
                <line number="3765" hits="4" branch="false" />
                <line number="3767" hits="13079" branch="false" />
              </lines>
            </method>
            <method name="Dispose" signature="()" line-rate="1" branch-rate="1" complexity="1">
              <lines>
                <line number="3770" hits="89" branch="false" />
                <line number="3771" hits="89" branch="false" />
                <line number="3772" hits="89" branch="false" />
                <line number="3773" hits="89" branch="false" />
              </lines>
            </method>
            <method name="Dispose" signature="(System.Boolean)" line-rate="1" branch-rate="0.5" complexity="2">
              <lines>
                <line number="3776" hits="163" branch="false" />
                <line number="3777" hits="163" branch="false" />
                <line number="3778" hits="163" branch="false" />
                <line number="3779" hits="163" branch="false" />
                <line number="3780" hits="326" branch="true" condition-coverage="50% (1/2)" />
                <line number="3781" hits="163" branch="false" />
                <line number="3782" hits="163" branch="false" />
                <line number="3783" hits="163" branch="false" />
              </lines>
            </method>
            <method name="Finalize" signature="()" line-rate="1" branch-rate="1" complexity="1">
              <lines>
                <line number="3786" hits="148" branch="false" />
                <line number="3787" hits="74" branch="false" />
                <line number="3788" hits="148" branch="false" />
              </lines>
            </method>
          </methods>
          <lines>
            <line number="3718" hits="178" branch="false" />
            <line number="3719" hits="178" branch="false" />
            <line number="3720" hits="178" branch="false" />
            <line number="3721" hits="178" branch="false" />
            <line number="3722" hits="178" branch="false" />
            <line number="3725" hits="13086" branch="false" />
            <line number="3726" hits="13086" branch="true" condition-coverage="50% (1/2)" />
            <line number="3727" hits="0" branch="false" />
            <line number="3730" hits="14834" branch="true" condition-coverage="100% (2/2)" />
            <line number="3731" hits="1748" branch="true" condition-coverage="100% (2/2)" />
            <line number="3732" hits="1748" branch="false" />
            <line number="3734" hits="13086" branch="false" />
            <line number="3736" hits="13264" branch="true" condition-coverage="100% (2/2)" />
            <line number="3737" hits="178" branch="false" />
            <line number="3738" hits="178" branch="false" />
            <line number="3739" hits="178" branch="false" />
[...]
            <line number="4009" hits="19" branch="false" />
            <line number="4010" hits="19" branch="false" />
            <line number="4011" hits="19" branch="false" />
            <line number="4012" hits="19" branch="false" />
            <line number="4014" hits="0" branch="false" />
            <line number="4015" hits="0" branch="false" />
            <line number="4018" hits="0" branch="false" />
            <line number="4019" hits="0" branch="false" />
            <line number="4021" hits="19" branch="false" />
            <line number="4024" hits="587" branch="false" />
            <line number="4025" hits="1174" branch="true" condition-coverage="50% (1/2)" />
            <line number="4026" hits="587" branch="false" />
            <line number="4027" hits="587" branch="false" />
            <line number="4028" hits="0" branch="false" />
            <line number="4029" hits="0" branch="false" />
            <line number="4030" hits="0" branch="false" />
            <line number="4031" hits="587" branch="false" />
            <line number="4062" hits="677" branch="false" />
            <line number="4063" hits="677" branch="true" condition-coverage="50% (1/2)" />
            <line number="4064" hits="0" branch="false" />
            <line number="4066" hits="677" branch="false" />
            <line number="4067" hits="677" branch="false" />
            <line number="4068" hits="677" branch="false" />
            <line number="4069" hits="1264" branch="true" condition-coverage="100% (2/2)" />
            <line number="4070" hits="587" branch="false" />
            <line number="4071" hits="587" branch="false" />
            <line number="4072" hits="587" branch="false" />
            <line number="4073" hits="697" branch="true" condition-coverage="100% (2/2)" />
            <line number="4074" hits="40" branch="false" />
            <line number="4075" hits="20" branch="false" />
            <line number="4076" hits="20" branch="false" />
            <line number="4077" hits="709" branch="true" condition-coverage="100% (2/2)" />
            <line number="4078" hits="32" branch="false" />
            <line number="4079" hits="32" branch="false" />
            <line number="4080" hits="681" branch="true" condition-coverage="100% (2/2)" />
            <line number="4081" hits="7" branch="true" condition-coverage="100% (2/2)" />
            <line number="4082" hits="3" branch="false" />
            <line number="4083" hits="3" branch="false" />
            <line number="4084" hits="4" branch="false" />
            <line number="4085" hits="4" branch="false" />
            <line number="4086" hits="677" branch="false" />
            <line number="4088" hits="677" branch="false" />
            <line number="4098" hits="2809" branch="false" />
            <line number="4099" hits="2809" branch="true" condition-coverage="50% (1/2)" />
            <line number="4100" hits="0" branch="false" />
            <line number="4102" hits="3366" branch="true" condition-coverage="100% (2/2)" />
            <line number="4103" hits="557" branch="false" />
            <line number="4107" hits="558" branch="true" condition-coverage="100% (2/2)" />
            <line number="4108" hits="1" branch="false" />
            <line number="4109" hits="1" branch="true" condition-coverage="50% (1/2)" />
            <line number="4110" hits="1" branch="false" />
            <line number="4111" hits="1" branch="false" />
            <line number="4112" hits="1" branch="false" />
            <line number="4115" hits="557" branch="false" />
            <line number="4116" hits="557" branch="false" />
            <line number="4120" hits="557" branch="true" condition-coverage="50% (1/2)" />
            <line number="4121" hits="0" branch="false" />
            <line number="4122" hits="557" branch="true" condition-coverage="100% (2/2)" />
            <line number="4123" hits="7" branch="false" />
            <line number="4125" hits="550" branch="false" />
            <line number="4126" hits="557" branch="false" />
            <line number="4128" hits="2256" branch="true" condition-coverage="100% (2/2)" />
            <line number="4129" hits="4" branch="false" />
            <line number="4130" hits="4" branch="false" />
            <line number="4131" hits="4" branch="false" />
            <line number="4132" hits="4" branch="true" condition-coverage="50% (1/2)" />
            <line number="4133" hits="0" branch="false" />
            <line number="4134" hits="4" branch="false" />
            <line number="4135" hits="4" branch="false" />
            <line number="4136" hits="4" branch="false" />
            <line number="4137" hits="4" branch="false" />
            <line number="4139" hits="2282" branch="true" condition-coverage="100% (2/2)" />
            <line number="4141" hits="34" branch="false" />
            <line number="4142" hits="34" branch="false" />
            <line number="4143" hits="34" branch="false" />
            <line number="4145" hits="185" branch="true" condition-coverage="100% (2/2)" />
            <line number="4146" hits="39" branch="false" />
            <line number="4147" hits="39" branch="false" />
            <line number="4149" hits="34" branch="false" />
            <line number="4151" hits="34" branch="true" condition-coverage="50% (1/2)" />
            <line number="4152" hits="0" branch="false" />
            <line number="4153" hits="0" branch="false" />
            <line number="4154" hits="38" branch="true" condition-coverage="100% (2/2)" />
            <line number="4155" hits="4" branch="false" />
            <line number="4156" hits="4" branch="false" />
            <line number="4157" hits="37" branch="true" condition-coverage="100% (2/2)" />
            <line number="4158" hits="13" branch="true" condition-coverage="100% (2/2)" />
            <line number="4159" hits="6" branch="false" />
            <line number="4160" hits="6" branch="false" />
            <line number="4161" hits="1" branch="false" />
            <line number="4162" hits="1" branch="false" />
            <line number="4163" hits="1" branch="false" />
            <line number="4164" hits="7" branch="false" />
            <line number="4165" hits="30" branch="true" condition-coverage="100% (2/2)" />
            <line number="4166" hits="7" branch="false" />
            <line number="4167" hits="8" branch="true" condition-coverage="100% (2/2)" />
            <line number="4168" hits="1" branch="false" />
            <line number="4169" hits="1" branch="false" />
            <line number="4170" hits="7" branch="true" condition-coverage="50% (2/4)" />
            <line number="4173" hits="6" branch="false" />
            <line number="4174" hits="6" branch="false" />
            <line number="4177" hits="1" branch="false" />
            <line number="4178" hits="1" branch="false" />
            <line number="4181" hits="7" branch="false" />
            <line number="4182" hits="19" branch="true" condition-coverage="100% (2/2)" />
            <line number="4183" hits="3" branch="false" />
            <line number="4184" hits="3" branch="true" condition-coverage="50% (1/2)" />
            <line number="4185" hits="0" branch="false" />
            <line number="4186" hits="0" branch="false" />
            <line number="4187" hits="3" branch="true" condition-coverage="25% (1/4)" />
            <line number="4190" hits="3" branch="false" />
            <line number="4191" hits="3" branch="false" />
            <line number="4194" hits="0" branch="false" />
            <line number="4195" hits="0" branch="false" />
            <line number="4197" hits="3" branch="false" />
            <line number="4198" hits="19" branch="true" condition-coverage="100% (2/2)" />
            <line number="4199" hits="6" branch="false" />
            <line number="4200" hits="6" branch="false" />
            <line number="4201" hits="7" branch="true" condition-coverage="50% (1/2)" />
            <line number="4202" hits="0" branch="false" />
            <line number="4203" hits="0" branch="false" />
            <line number="4204" hits="8" branch="true" condition-coverage="100% (2/2)" />
            <line number="4205" hits="1" branch="false" />
            <line number="4206" hits="1" branch="false" />
            <line number="4207" hits="7" branch="true" condition-coverage="100% (2/2)" />
            <line number="4208" hits="1" branch="false" />
            <line number="4209" hits="1" branch="false" />
            <line number="4210" hits="10" branch="true" condition-coverage="50% (1/2)" />
            <line number="4211" hits="5" branch="false" />
            <line number="4212" hits="5" branch="false" />
            <line number="4213" hits="0" branch="false" />
            <line number="4214" hits="0" branch="false" />
            <line number="4215" hits="0" branch="false" />
            <line number="4216" hits="34" branch="false" />
            <line number="4219" hits="2801" branch="true" condition-coverage="100% (2/2)" />
            <line number="4220" hits="587" branch="false" />
            <line number="4221" hits="587" branch="false" />
            <line number="4222" hits="587" branch="false" />
            <line number="4223" hits="587" branch="false" />
            <line number="4224" hits="587" branch="false" />
            <line number="4225" hits="587" branch="false" />
            <line number="4227" hits="1635" branch="true" condition-coverage="100% (2/2)" />
            <line number="4228" hits="8" branch="false" />
            <line number="4229" hits="8" branch="false" />
            <line number="4230" hits="8" branch="false" />
            <line number="4231" hits="8" branch="true" condition-coverage="100% (2/2)" />
            <line number="4232" hits="8" branch="false" />
            <line number="4233" hits="8" branch="false" />
            <line number="4234" hits="8" branch="false" />
            <line number="4236" hits="3238" branch="true" condition-coverage="50% (1/2)" />
            <line number="4237" hits="1619" branch="false" />
            <line number="4239" hits="1619" branch="false" />
            <line number="4240" hits="2649" branch="true" condition-coverage="100% (2/2)" />
            <line number="4241" hits="1030" branch="false" />
            <line number="4242" hits="1031" branch="true" condition-coverage="100% (2/2)" />
            <line number="4243" hits="1" branch="false" />
            <line number="4244" hits="1" branch="false" />
            <line number="4245" hits="1030" branch="false" />
            <line number="4247" hits="2209" branch="true" condition-coverage="100% (2/2)" />
            <line number="4252" hits="590" branch="false" />
            <line number="4253" hits="590" branch="false" />
            <line number="4255" hits="1029" branch="false" />
            <line number="4256" hits="1029" branch="false" />
            <line number="4257" hits="2058" branch="true" condition-coverage="50% (1/2)" />
            <line number="4258" hits="1029" branch="false" />
            <line number="4259" hits="1029" branch="true" condition-coverage="50% (1/2)" />
            <line number="4260" hits="0" branch="false" />
            <line number="4262" hits="2058" branch="true" condition-coverage="50% (1/2)" />
            <line number="4263" hits="1029" branch="false" />
            <line number="4264" hits="1029" branch="false" />
            <line number="4265" hits="1029" branch="false" />
            <line number="4266" hits="1029" branch="false" />
            <line number="4271" hits="1029" branch="false" />
            <line number="4273" hits="1535" branch="true" condition-coverage="100% (2/2)" />
            <line number="4274" hits="506" branch="false" />
            <line number="4275" hits="506" branch="false" />
            <line number="4276" hits="506" branch="false" />
            <line number="4277" hits="1046" branch="true" condition-coverage="50% (1/2)" />
            <line number="4278" hits="523" branch="false" />
            <line number="4279" hits="523" branch="false" />
            <line number="4280" hits="523" branch="false" />
            <line number="4281" hits="0" branch="false" />
            <line number="4282" hits="0" branch="false" />
            <line number="4288" hits="1034" branch="true" condition-coverage="100% (2/2)" />
            <line number="4289" hits="5" branch="false" />
            <line number="4290" hits="5" branch="false" />
            <line number="4291" hits="5" branch="false" />
            <line number="4292" hits="87" branch="true" condition-coverage="100% (2/2)" />
            <line number="4293" hits="24" branch="false" />
            <line number="4294" hits="24" branch="false" />
            <line number="4295" hits="24" branch="false" />
            <line number="4296" hits="24" branch="false" />
            <line number="4297" hits="24" branch="false" />
            <line number="4298" hits="5" branch="false" />
            <line number="4299" hits="5" branch="false" />
            <line number="4300" hits="5" branch="false" />
            <line number="4301" hits="5" branch="false" />
            <line number="4302" hits="5" branch="false" />
            <line number="4304" hits="1024" branch="false" />
            <line number="4305" hits="1024" branch="false" />
            <line number="4306" hits="1024" branch="false" />
            <line number="4307" hits="1024" branch="false" />
            <line number="4308" hits="1024" branch="false" />
            <line number="4309" hits="1024" branch="false" />
            <line number="4313" hits="0" branch="false" />
            <line number="4314" hits="2809" branch="false" />
            <line number="4317" hits="5" branch="false" />
            <line number="4318" hits="5" branch="false" />
            <line number="4320" hits="10" branch="true" condition-coverage="50% (1/2)" />
            <line number="4321" hits="5" branch="true" condition-coverage="50% (1/2)" />
            <line number="4322" hits="0" branch="false" />
            <line number="4323" hits="5" branch="false" />
            <line number="4325" hits="0" branch="false" />
            <line number="4326" hits="0" branch="false" />
            <line number="4328" hits="5" branch="false" />
            <line number="4336" hits="7" branch="false" />
            <line number="4337" hits="7" branch="true" condition-coverage="100% (2/2)" />
            <line number="4338" hits="5" branch="false" />
            <line number="4339" hits="2" branch="true" condition-coverage="50% (1/2)" />
            <line number="4340" hits="2" branch="false" />
            <line number="4341" hits="0" branch="true" condition-coverage="0% (0/2)" />
            <line number="4342" hits="0" branch="false" />
            <line number="4343" hits="0" branch="false" />
            <line number="4344" hits="0" branch="false" />
            <line number="4345" hits="0" branch="false" />
            <line number="4347" hits="0" branch="false" />
            <line number="4348" hits="7" branch="false" />
            <line number="4351" hits="550" branch="false" />
            <line number="4352" hits="550" branch="false" />
            <line number="4353" hits="550" branch="true" condition-coverage="100% (2/2)" />
            <line number="4354" hits="5" branch="false" />
            <line number="4355" hits="545" branch="true" condition-coverage="50% (1/2)" />
            <line number="4356" hits="0" branch="false" />
            <line number="4358" hits="545" branch="true" condition-coverage="50% (1/2)" />
            <line number="4359" hits="0" branch="false" />
            <line number="4361" hits="545" branch="true" condition-coverage="50% (1/2)" />
            <line number="4362" hits="0" branch="false" />
            <line number="4364" hits="545" branch="true" condition-coverage="50% (1/2)" />
            <line number="4365" hits="0" branch="false" />
            <line number="4367" hits="545" branch="true" condition-coverage="50% (1/2)" />
            <line number="4368" hits="0" branch="false" />
            <line number="4370" hits="545" branch="true" condition-coverage="50% (1/2)" />
            <line number="4371" hits="0" branch="false" />
            <line number="4373" hits="545" branch="true" condition-coverage="50% (1/2)" />
            <line number="4374" hits="0" branch="false" />
            <line number="4376" hits="1090" branch="true" condition-coverage="50% (1/2)" />
            <line number="4377" hits="545" branch="false" />
            <line number="4379" hits="0" branch="true" condition-coverage="0% (0/2)" />
            <line number="4380" hits="0" branch="false" />
            <line number="4382" hits="0" branch="false" />
            <line number="4383" hits="0" branch="false" />
            <line number="4385" hits="550" branch="false" />
            <line number="4391" hits="69" branch="false" />
            <line number="4392" hits="69" branch="false" />
            <line number="4393" hits="67" branch="false" />
            <line number="4399" hits="0" branch="false" />
            <line number="4400" hits="0" branch="false" />
            <line number="4401" hits="0" branch="false" />
            <line number="4404" hits="15" branch="false" />
            <line number="4405" hits="15" branch="true" condition-coverage="50% (1/2)" />
            <line number="4406" hits="15" branch="false" />
            <line number="4408" hits="0" branch="false" />
            <line number="4409" hits="15" branch="false" />
            <line number="4412" hits="0" branch="false" />
            <line number="4413" hits="0" branch="false" />
            <line number="4414" hits="0" branch="false" />
            <line number="4420" hits="583" branch="false" />
            <line number="4421" hits="583" branch="false" />
            <line number="4422" hits="583" branch="false" />
            <line number="4428" hits="10" branch="false" />
            <line number="4429" hits="10" branch="false" />
            <line number="4430" hits="10" branch="false" />
            <line number="4436" hits="20" branch="false" />
            <line number="4437" hits="20" branch="false" />
            <line number="4438" hits="20" branch="false" />
            <line number="4439" hits="19" branch="false" />
            <line number="4445" hits="11" branch="false" />
            <line number="4446" hits="11" branch="false" />
            <line number="4447" hits="11" branch="false" />
            <line number="4448" hits="11" branch="false" />
            <line number="4454" hits="3" branch="false" />
            <line number="4455" hits="3" branch="false" />
            <line number="4456" hits="3" branch="false" />
            <line number="4463" hits="1" branch="false" />
            <line number="4464" hits="1" branch="false" />
            <line number="4465" hits="1" branch="false" />
          </lines>
        </class>
        <class name="SQLite.UniqueAttribute" filename="/Users/runner/work/sqlite-net/sqlite-net/src/SQLite.cs" line-rate="0.5" branch-rate="1" complexity="NaN">
          <methods>
            <method name="Unique" signature="()" line-rate="1" branch-rate="1" complexity="NaN">
              <lines>
                <line number="2477" hits="15" branch="false" />
              </lines>
            </method>
            <method name="Unique" signature="(System.Boolean)" line-rate="0" branch-rate="1" complexity="NaN">
              <lines>
                <line number="2478" hits="0" branch="false" />
              </lines>
            </method>
          </methods>
          <lines>
            <line number="2477" hits="15" branch="false" />
            <line number="2478" hits="0" branch="false" />
          </lines>
        </class>
      </classes>
    </package>
  </packages>
</coverage>